08:54:05:462  INFO 9860 --- [main] com.hmall.cart.CartApplication           : Starting CartApplication using Java 11.0.26 on DESKTOP-964C02J with PID 9860 (K:\Personal\Desktop\资料、作业\大三下学期\分布式系统\实验二\hmall\cart-service\target\classes started by Fancy in K:\Personal\Desktop\资料、作业\大三下学期\分布式系统\实验二\hmall)
08:54:05:470 DEBUG 9860 --- [main] com.hmall.cart.CartApplication           : Running with Spring Boot v2.7.12, Spring v5.3.27
08:54:05:471  INFO 9860 --- [main] com.hmall.cart.CartApplication           : The following 1 profile is active: "dev"
08:54:07:123  INFO 9860 --- [main] .s.d.r.c.RepositoryConfigurationDelegate : Multiple Spring Data modules found, entering strict repository configuration mode
08:54:07:128  INFO 9860 --- [main] .s.d.r.c.RepositoryConfigurationDelegate : Bootstrapping Spring Data Redis repositories in DEFAULT mode.
08:54:07:188  INFO 9860 --- [main] .s.d.r.c.RepositoryConfigurationDelegate : Finished Spring Data repository scanning in 22 ms. Found 0 Redis repository interfaces.
08:54:07:476  INFO 9860 --- [main] o.s.cloud.context.scope.GenericScope     : BeanFactory id=802ec925-18e8-3e98-acbd-d011173053c5
08:54:07:981  INFO 9860 --- [main] o.s.b.w.embedded.tomcat.TomcatWebServer  : Tomcat initialized with port(s): 8082 (http)
08:54:07:997  INFO 9860 --- [main] o.apache.catalina.core.StandardService   : Starting service [Tomcat]
08:54:07:998  INFO 9860 --- [main] org.apache.catalina.core.StandardEngine  : Starting Servlet engine: [Apache Tomcat/9.0.75]
08:54:08:264  INFO 9860 --- [main] o.a.c.c.C.[Tomcat].[localhost].[/]       : Initializing Spring embedded WebApplicationContext
08:54:08:265  INFO 9860 --- [main] w.s.c.ServletWebServerApplicationContext : Root WebApplicationContext: initialization completed in 2725 ms
08:54:08:405  WARN 9860 --- [main] ConfigServletWebServerApplicationContext : Exception encountered during context initialization - cancelling refresh attempt: org.springframework.beans.factory.UnsatisfiedDependencyException: Error creating bean with name 'cartController' defined in file [K:\Personal\Desktop\资料、作业\大三下学期\分布式系统\实验二\hmall\cart-service\target\classes\com\hmall\cart\controller\CartController.class]: Unsatisfied dependency expressed through constructor parameter 0; nested exception is org.springframework.beans.factory.UnsatisfiedDependencyException: Error creating bean with name 'cartServiceImpl' defined in file [K:\Personal\Desktop\资料、作业\大三下学期\分布式系统\实验二\hmall\cart-service\target\classes\com\hmall\cart\service\impl\CartServiceImpl.class]: Unsatisfied dependency expressed through constructor parameter 0; nested exception is org.springframework.beans.factory.NoSuchBeanDefinitionException: No qualifying bean of type 'org.springframework.web.client.RestTemplate' available: expected at least 1 bean which qualifies as autowire candidate. Dependency annotations: {}
08:54:08:415  INFO 9860 --- [main] o.apache.catalina.core.StandardService   : Stopping service [Tomcat]
08:54:08:470  INFO 9860 --- [main] ConditionEvaluationReportLoggingListener : 

Error starting ApplicationContext. To display the conditions report re-run your application with 'debug' enabled.
08:54:08:538 ERROR 9860 --- [main] o.s.b.d.LoggingFailureAnalysisReporter   : 

***************************
APPLICATION FAILED TO START
***************************

Description:

Parameter 0 of constructor in com.hmall.cart.service.impl.CartServiceImpl required a bean of type 'org.springframework.web.client.RestTemplate' that could not be found.


Action:

Consider defining a bean of type 'org.springframework.web.client.RestTemplate' in your configuration.

09:10:17:911  INFO 8400 --- [main] com.hmall.cart.CartApplication           : Starting CartApplication using Java 11.0.26 on DESKTOP-964C02J with PID 8400 (K:\Personal\Desktop\资料、作业\大三下学期\分布式系统\实验二\hmall\cart-service\target\classes started by Fancy in K:\Personal\Desktop\资料、作业\大三下学期\分布式系统\实验二\hmall)
09:10:18:007 DEBUG 8400 --- [main] com.hmall.cart.CartApplication           : Running with Spring Boot v2.7.12, Spring v5.3.27
09:10:18:008  INFO 8400 --- [main] com.hmall.cart.CartApplication           : The following 1 profile is active: "dev"
09:10:19:426  INFO 8400 --- [main] .s.d.r.c.RepositoryConfigurationDelegate : Multiple Spring Data modules found, entering strict repository configuration mode
09:10:19:429  INFO 8400 --- [main] .s.d.r.c.RepositoryConfigurationDelegate : Bootstrapping Spring Data Redis repositories in DEFAULT mode.
09:10:19:485  INFO 8400 --- [main] .s.d.r.c.RepositoryConfigurationDelegate : Finished Spring Data repository scanning in 22 ms. Found 0 Redis repository interfaces.
09:10:19:792  INFO 8400 --- [main] o.s.cloud.context.scope.GenericScope     : BeanFactory id=802ec925-18e8-3e98-acbd-d011173053c5
09:10:20:254  INFO 8400 --- [main] o.s.b.w.embedded.tomcat.TomcatWebServer  : Tomcat initialized with port(s): 8082 (http)
09:10:20:266  INFO 8400 --- [main] o.apache.catalina.core.StandardService   : Starting service [Tomcat]
09:10:20:266  INFO 8400 --- [main] org.apache.catalina.core.StandardEngine  : Starting Servlet engine: [Apache Tomcat/9.0.75]
09:10:20:631  INFO 8400 --- [main] o.a.c.c.C.[Tomcat].[localhost].[/]       : Initializing Spring embedded WebApplicationContext
09:10:20:631  INFO 8400 --- [main] w.s.c.ServletWebServerApplicationContext : Root WebApplicationContext: initialization completed in 2557 ms
09:10:20:718  WARN 8400 --- [main] ConfigServletWebServerApplicationContext : Exception encountered during context initialization - cancelling refresh attempt: org.springframework.beans.factory.UnsatisfiedDependencyException: Error creating bean with name 'cartController' defined in file [K:\Personal\Desktop\资料、作业\大三下学期\分布式系统\实验二\hmall\cart-service\target\classes\com\hmall\cart\controller\CartController.class]: Unsatisfied dependency expressed through constructor parameter 0; nested exception is org.springframework.beans.factory.UnsatisfiedDependencyException: Error creating bean with name 'cartServiceImpl' defined in file [K:\Personal\Desktop\资料、作业\大三下学期\分布式系统\实验二\hmall\cart-service\target\classes\com\hmall\cart\service\impl\CartServiceImpl.class]: Unsatisfied dependency expressed through constructor parameter 0; nested exception is org.springframework.beans.factory.NoSuchBeanDefinitionException: No qualifying bean of type 'org.springframework.web.client.RestTemplate' available: expected at least 1 bean which qualifies as autowire candidate. Dependency annotations: {}
09:10:20:722  INFO 8400 --- [main] o.apache.catalina.core.StandardService   : Stopping service [Tomcat]
09:10:20:741  INFO 8400 --- [main] ConditionEvaluationReportLoggingListener : 

Error starting ApplicationContext. To display the conditions report re-run your application with 'debug' enabled.
09:10:20:769 ERROR 8400 --- [main] o.s.b.d.LoggingFailureAnalysisReporter   : 

***************************
APPLICATION FAILED TO START
***************************

Description:

Parameter 0 of constructor in com.hmall.cart.service.impl.CartServiceImpl required a bean of type 'org.springframework.web.client.RestTemplate' that could not be found.


Action:

Consider defining a bean of type 'org.springframework.web.client.RestTemplate' in your configuration.

09:16:33:879  INFO 11776 --- [main] com.hmall.cart.CartApplication           : Starting CartApplication using Java 11.0.26 on DESKTOP-964C02J with PID 11776 (K:\Personal\Desktop\资料、作业\大三下学期\分布式系统\实验二\hmall\cart-service\target\classes started by Fancy in K:\Personal\Desktop\资料、作业\大三下学期\分布式系统\实验二\hmall)
09:16:33:974 DEBUG 11776 --- [main] com.hmall.cart.CartApplication           : Running with Spring Boot v2.7.12, Spring v5.3.27
09:16:33:975  INFO 11776 --- [main] com.hmall.cart.CartApplication           : The following 1 profile is active: "dev"
09:16:35:582  INFO 11776 --- [main] .s.d.r.c.RepositoryConfigurationDelegate : Multiple Spring Data modules found, entering strict repository configuration mode
09:16:35:587  INFO 11776 --- [main] .s.d.r.c.RepositoryConfigurationDelegate : Bootstrapping Spring Data Redis repositories in DEFAULT mode.
09:16:35:651  INFO 11776 --- [main] .s.d.r.c.RepositoryConfigurationDelegate : Finished Spring Data repository scanning in 22 ms. Found 0 Redis repository interfaces.
09:16:36:049  INFO 11776 --- [main] o.s.cloud.context.scope.GenericScope     : BeanFactory id=21dac3ae-c19d-3546-8de3-5d40b020ae6e
09:16:36:750  INFO 11776 --- [main] o.s.b.w.embedded.tomcat.TomcatWebServer  : Tomcat initialized with port(s): 8082 (http)
09:16:36:764  INFO 11776 --- [main] o.apache.catalina.core.StandardService   : Starting service [Tomcat]
09:16:36:765  INFO 11776 --- [main] org.apache.catalina.core.StandardEngine  : Starting Servlet engine: [Apache Tomcat/9.0.75]
09:16:37:030  INFO 11776 --- [main] o.a.c.c.C.[Tomcat].[localhost].[/]       : Initializing Spring embedded WebApplicationContext
09:16:37:030  INFO 11776 --- [main] w.s.c.ServletWebServerApplicationContext : Root WebApplicationContext: initialization completed in 2978 ms
09:16:39:527  WARN 11776 --- [main] ConfigServletWebServerApplicationContext : Exception encountered during context initialization - cancelling refresh attempt: org.springframework.beans.factory.UnsatisfiedDependencyException: Error creating bean with name 'jwtTool' defined in file [K:\Personal\Desktop\资料、作业\大三下学期\分布式系统\实验二\hmall\cart-service\target\classes\com\hmall\cart\utils\JwtTool.class]: Unsatisfied dependency expressed through constructor parameter 0; nested exception is org.springframework.beans.factory.NoSuchBeanDefinitionException: No qualifying bean of type 'java.security.KeyPair' available: expected at least 1 bean which qualifies as autowire candidate. Dependency annotations: {}
09:16:39:533  INFO 11776 --- [main] o.apache.catalina.core.StandardService   : Stopping service [Tomcat]
09:16:39:547  INFO 11776 --- [main] ConditionEvaluationReportLoggingListener : 

Error starting ApplicationContext. To display the conditions report re-run your application with 'debug' enabled.
09:16:39:567 ERROR 11776 --- [main] o.s.b.d.LoggingFailureAnalysisReporter   : 

***************************
APPLICATION FAILED TO START
***************************

Description:

Parameter 0 of constructor in com.hmall.cart.utils.JwtTool required a bean of type 'java.security.KeyPair' that could not be found.


Action:

Consider defining a bean of type 'java.security.KeyPair' in your configuration.

09:19:58:669  INFO 11388 --- [main] com.hmall.cart.CartApplication           : Starting CartApplication using Java 11.0.26 on DESKTOP-964C02J with PID 11388 (K:\Personal\Desktop\资料、作业\大三下学期\分布式系统\实验二\hmall\cart-service\target\classes started by Fancy in K:\Personal\Desktop\资料、作业\大三下学期\分布式系统\实验二\hmall)
09:19:58:770 DEBUG 11388 --- [main] com.hmall.cart.CartApplication           : Running with Spring Boot v2.7.12, Spring v5.3.27
09:19:58:771  INFO 11388 --- [main] com.hmall.cart.CartApplication           : The following 1 profile is active: "dev"
09:20:00:109  INFO 11388 --- [main] .s.d.r.c.RepositoryConfigurationDelegate : Multiple Spring Data modules found, entering strict repository configuration mode
09:20:00:111  INFO 11388 --- [main] .s.d.r.c.RepositoryConfigurationDelegate : Bootstrapping Spring Data Redis repositories in DEFAULT mode.
09:20:00:162  INFO 11388 --- [main] .s.d.r.c.RepositoryConfigurationDelegate : Finished Spring Data repository scanning in 18 ms. Found 0 Redis repository interfaces.
09:20:00:431  INFO 11388 --- [main] o.s.cloud.context.scope.GenericScope     : BeanFactory id=21dac3ae-c19d-3546-8de3-5d40b020ae6e
09:20:00:889  INFO 11388 --- [main] o.s.b.w.embedded.tomcat.TomcatWebServer  : Tomcat initialized with port(s): 8082 (http)
09:20:00:913  INFO 11388 --- [main] o.apache.catalina.core.StandardService   : Starting service [Tomcat]
09:20:00:914  INFO 11388 --- [main] org.apache.catalina.core.StandardEngine  : Starting Servlet engine: [Apache Tomcat/9.0.75]
09:20:01:163  INFO 11388 --- [main] o.a.c.c.C.[Tomcat].[localhost].[/]       : Initializing Spring embedded WebApplicationContext
09:20:01:163  INFO 11388 --- [main] w.s.c.ServletWebServerApplicationContext : Root WebApplicationContext: initialization completed in 2307 ms
09:20:03:733  WARN 11388 --- [main] ConfigServletWebServerApplicationContext : Exception encountered during context initialization - cancelling refresh attempt: org.springframework.beans.factory.UnsatisfiedDependencyException: Error creating bean with name 'jwtTool' defined in file [K:\Personal\Desktop\资料、作业\大三下学期\分布式系统\实验二\hmall\cart-service\target\classes\com\hmall\cart\utils\JwtTool.class]: Unsatisfied dependency expressed through constructor parameter 0; nested exception is org.springframework.beans.factory.NoSuchBeanDefinitionException: No qualifying bean of type 'java.security.KeyPair' available: expected at least 1 bean which qualifies as autowire candidate. Dependency annotations: {}
09:20:03:739  INFO 11388 --- [main] o.apache.catalina.core.StandardService   : Stopping service [Tomcat]
09:20:03:756  INFO 11388 --- [main] ConditionEvaluationReportLoggingListener : 

Error starting ApplicationContext. To display the conditions report re-run your application with 'debug' enabled.
09:20:03:778 ERROR 11388 --- [main] o.s.b.d.LoggingFailureAnalysisReporter   : 

***************************
APPLICATION FAILED TO START
***************************

Description:

Parameter 0 of constructor in com.hmall.cart.utils.JwtTool required a bean of type 'java.security.KeyPair' that could not be found.


Action:

Consider defining a bean of type 'java.security.KeyPair' in your configuration.

09:21:35:986  INFO 13716 --- [main] com.hmall.cart.CartApplication           : Starting CartApplication using Java 11.0.26 on DESKTOP-964C02J with PID 13716 (K:\Personal\Desktop\资料、作业\大三下学期\分布式系统\实验二\hmall\cart-service\target\classes started by Fancy in K:\Personal\Desktop\资料、作业\大三下学期\分布式系统\实验二\hmall)
09:21:35:989 DEBUG 13716 --- [main] com.hmall.cart.CartApplication           : Running with Spring Boot v2.7.12, Spring v5.3.27
09:21:35:989  INFO 13716 --- [main] com.hmall.cart.CartApplication           : The following 1 profile is active: "dev"
09:21:37:132  INFO 13716 --- [main] .s.d.r.c.RepositoryConfigurationDelegate : Multiple Spring Data modules found, entering strict repository configuration mode
09:21:37:136  INFO 13716 --- [main] .s.d.r.c.RepositoryConfigurationDelegate : Bootstrapping Spring Data Redis repositories in DEFAULT mode.
09:21:37:190  INFO 13716 --- [main] .s.d.r.c.RepositoryConfigurationDelegate : Finished Spring Data repository scanning in 22 ms. Found 0 Redis repository interfaces.
09:21:37:464  INFO 13716 --- [main] o.s.cloud.context.scope.GenericScope     : BeanFactory id=02bf4a03-9ced-3de2-9ca9-d4645a81e3ef
09:21:37:908  INFO 13716 --- [main] o.s.b.w.embedded.tomcat.TomcatWebServer  : Tomcat initialized with port(s): 8082 (http)
09:21:37:919  INFO 13716 --- [main] o.apache.catalina.core.StandardService   : Starting service [Tomcat]
09:21:37:920  INFO 13716 --- [main] org.apache.catalina.core.StandardEngine  : Starting Servlet engine: [Apache Tomcat/9.0.75]
09:21:38:135  INFO 13716 --- [main] o.a.c.c.C.[Tomcat].[localhost].[/]       : Initializing Spring embedded WebApplicationContext
09:21:38:136  INFO 13716 --- [main] w.s.c.ServletWebServerApplicationContext : Root WebApplicationContext: initialization completed in 2093 ms
09:21:40:825  INFO 13716 --- [main] pertySourcedRequestMappingHandlerMapping : Mapped URL path [/v2/api-docs] onto method [springfox.documentation.swagger2.web.Swagger2ControllerWebMvc#getDocumentation(String, HttpServletRequest)]
09:21:41:432  INFO 13716 --- [main] com.alibaba.nacos.common.remote.client   : [RpcClientFactory] create a new rpc client of 323c7b52-7d43-4e75-a4ff-d20da8426d2b
09:21:41:502  INFO 13716 --- [main] org.reflections.Reflections              : Reflections took 34 ms to scan 1 urls, producing 3 keys and 6 values 
09:21:41:548  INFO 13716 --- [main] org.reflections.Reflections              : Reflections took 18 ms to scan 1 urls, producing 4 keys and 9 values 
09:21:41:564  INFO 13716 --- [main] org.reflections.Reflections              : Reflections took 12 ms to scan 1 urls, producing 3 keys and 10 values 
09:21:41:569  WARN 13716 --- [main] org.reflections.Reflections              : given scan urls are empty. set urls in the configuration
09:21:41:581  INFO 13716 --- [main] org.reflections.Reflections              : Reflections took 12 ms to scan 1 urls, producing 1 keys and 5 values 
09:21:41:594  INFO 13716 --- [main] org.reflections.Reflections              : Reflections took 9 ms to scan 1 urls, producing 1 keys and 7 values 
09:21:41:607  INFO 13716 --- [main] org.reflections.Reflections              : Reflections took 9 ms to scan 1 urls, producing 2 keys and 8 values 
09:21:41:611  WARN 13716 --- [main] org.reflections.Reflections              : given scan urls are empty. set urls in the configuration
09:21:41:613  INFO 13716 --- [main] com.alibaba.nacos.common.remote.client   : [323c7b52-7d43-4e75-a4ff-d20da8426d2b] RpcClient init label, labels = {module=naming, source=sdk}
09:21:41:617  INFO 13716 --- [main] com.alibaba.nacos.common.remote.client   : [323c7b52-7d43-4e75-a4ff-d20da8426d2b] RpcClient init, ServerListFactory = com.alibaba.nacos.client.naming.core.ServerListManager
09:21:41:617  INFO 13716 --- [main] com.alibaba.nacos.common.remote.client   : [323c7b52-7d43-4e75-a4ff-d20da8426d2b] Registry connection listener to current client:com.alibaba.nacos.client.naming.remote.gprc.redo.NamingGrpcRedoService
09:21:41:618  INFO 13716 --- [main] com.alibaba.nacos.common.remote.client   : [323c7b52-7d43-4e75-a4ff-d20da8426d2b] Register server push request handler:com.alibaba.nacos.client.naming.remote.gprc.NamingPushRequestHandler
09:21:41:621  INFO 13716 --- [main] com.alibaba.nacos.common.remote.client   : [323c7b52-7d43-4e75-a4ff-d20da8426d2b] Try to connect to server on start up, server: {serverIp = '10.225.237.206', server main port = 8848}
09:21:44:229  INFO 13716 --- [main] com.alibaba.nacos.common.remote.client   : [323c7b52-7d43-4e75-a4ff-d20da8426d2b] Success to connect to server [10.225.237.206:8848] on start up, connectionId = 1744161703128_10.225.237.206_49261
09:21:44:230  INFO 13716 --- [com.alibaba.nacos.client.remote.worker] com.alibaba.nacos.common.remote.client   : [323c7b52-7d43-4e75-a4ff-d20da8426d2b] Notify connected event to listeners.
09:21:44:231  INFO 13716 --- [main] com.alibaba.nacos.common.remote.client   : [323c7b52-7d43-4e75-a4ff-d20da8426d2b] Register server push request handler:com.alibaba.nacos.common.remote.client.RpcClient$ConnectResetRequestHandler
09:21:44:232  INFO 13716 --- [main] com.alibaba.nacos.common.remote.client   : [323c7b52-7d43-4e75-a4ff-d20da8426d2b] Register server push request handler:com.alibaba.nacos.common.remote.client.RpcClient$$Lambda$1065/0x0000000100772c40
09:21:44:404  INFO 13716 --- [main] o.s.b.w.embedded.tomcat.TomcatWebServer  : Tomcat started on port(s): 8082 (http) with context path ''
09:21:44:771  INFO 13716 --- [main] c.a.c.n.registry.NacosServiceRegistry    : nacos registry, DEFAULT_GROUP cart-service 10.225.237.206:8082 register finished
09:21:44:773  INFO 13716 --- [main] d.s.w.p.DocumentationPluginsBootstrapper : Documentation plugins bootstrapped
09:21:44:776  INFO 13716 --- [main] d.s.w.p.DocumentationPluginsBootstrapper : Found 1 custom documentation plugin(s)
09:21:44:819  INFO 13716 --- [main] s.d.s.w.s.ApiListingReferenceScanner     : Scanning for api listing references
09:21:44:947  INFO 13716 --- [main] com.hmall.cart.CartApplication           : Started CartApplication in 10.267 seconds (JVM running for 11.732)
09:21:45:332  INFO 13716 --- [nacos-grpc-client-executor-13] com.alibaba.nacos.common.remote.client   : [323c7b52-7d43-4e75-a4ff-d20da8426d2b] Receive server push request, request = NotifySubscriberRequest, requestId = 1
09:21:45:335  INFO 13716 --- [nacos-grpc-client-executor-13] com.alibaba.nacos.common.remote.client   : [323c7b52-7d43-4e75-a4ff-d20da8426d2b] Ack server push request, request = NotifySubscriberRequest, requestId = 1
