09:22:09:076  INFO 5724 --- [main] com.hmall.item.ItemApplication           : Starting ItemApplication using Java 11.0.26 on DESKTOP-964C02J with PID 5724 (K:\Personal\Desktop\资料、作业\大三下学期\分布式系统\实验二\hmall\item-service\target\classes started by Fancy in K:\Personal\Desktop\资料、作业\大三下学期\分布式系统\实验二\hmall)
09:22:09:181 DEBUG 5724 --- [main] com.hmall.item.ItemApplication           : Running with Spring Boot v2.7.12, Spring v5.3.27
09:22:09:182  INFO 5724 --- [main] com.hmall.item.ItemApplication           : The following 1 profile is active: "dev"
09:22:11:206  INFO 5724 --- [main] .s.d.r.c.RepositoryConfigurationDelegate : Multiple Spring Data modules found, entering strict repository configuration mode
09:22:11:213  INFO 5724 --- [main] .s.d.r.c.RepositoryConfigurationDelegate : Bootstrapping Spring Data Redis repositories in DEFAULT mode.
09:22:11:281  INFO 5724 --- [main] .s.d.r.c.RepositoryConfigurationDelegate : Finished Spring Data repository scanning in 24 ms. Found 0 Redis repository interfaces.
09:22:11:634  INFO 5724 --- [main] o.s.cloud.context.scope.GenericScope     : BeanFactory id=0a8fdbea-8f68-3b16-a97d-e738db71b54b
09:22:12:459  INFO 5724 --- [main] o.s.b.w.embedded.tomcat.TomcatWebServer  : Tomcat initialized with port(s): 8081 (http)
09:22:12:479  INFO 5724 --- [main] o.apache.catalina.core.StandardService   : Starting service [Tomcat]
09:22:12:479  INFO 5724 --- [main] org.apache.catalina.core.StandardEngine  : Starting Servlet engine: [Apache Tomcat/9.0.75]
09:22:12:913  INFO 5724 --- [main] o.a.c.c.C.[Tomcat].[localhost].[/]       : Initializing Spring embedded WebApplicationContext
09:22:12:914  INFO 5724 --- [main] w.s.c.ServletWebServerApplicationContext : Root WebApplicationContext: initialization completed in 3610 ms
09:22:13:919  INFO 12516 --- [main] com.hmall.item.ItemApplication           : Starting ItemApplication using Java 11.0.26 on DESKTOP-964C02J with PID 12516 (K:\Personal\Desktop\资料、作业\大三下学期\分布式系统\实验二\hmall\item-service\target\classes started by Fancy in K:\Personal\Desktop\资料、作业\大三下学期\分布式系统\实验二\hmall)
09:22:13:927 DEBUG 12516 --- [main] com.hmall.item.ItemApplication           : Running with Spring Boot v2.7.12, Spring v5.3.27
09:22:13:929  INFO 12516 --- [main] com.hmall.item.ItemApplication           : The following 1 profile is active: "dev"
09:22:15:603  INFO 12516 --- [main] .s.d.r.c.RepositoryConfigurationDelegate : Multiple Spring Data modules found, entering strict repository configuration mode
09:22:15:607  INFO 12516 --- [main] .s.d.r.c.RepositoryConfigurationDelegate : Bootstrapping Spring Data Redis repositories in DEFAULT mode.
09:22:15:671  INFO 12516 --- [main] .s.d.r.c.RepositoryConfigurationDelegate : Finished Spring Data repository scanning in 22 ms. Found 0 Redis repository interfaces.
09:22:16:163  INFO 12516 --- [main] o.s.cloud.context.scope.GenericScope     : BeanFactory id=0a8fdbea-8f68-3b16-a97d-e738db71b54b
09:22:16:970  INFO 5724 --- [main] pertySourcedRequestMappingHandlerMapping : Mapped URL path [/v2/api-docs] onto method [springfox.documentation.swagger2.web.Swagger2ControllerWebMvc#getDocumentation(String, HttpServletRequest)]
09:22:17:391  INFO 12516 --- [main] o.s.b.w.embedded.tomcat.TomcatWebServer  : Tomcat initialized with port(s): 8083 (http)
09:22:17:427  INFO 12516 --- [main] o.apache.catalina.core.StandardService   : Starting service [Tomcat]
09:22:17:428  INFO 12516 --- [main] org.apache.catalina.core.StandardEngine  : Starting Servlet engine: [Apache Tomcat/9.0.75]
09:22:18:043  INFO 12516 --- [main] o.a.c.c.C.[Tomcat].[localhost].[/]       : Initializing Spring embedded WebApplicationContext
09:22:18:044  INFO 12516 --- [main] w.s.c.ServletWebServerApplicationContext : Root WebApplicationContext: initialization completed in 4009 ms
09:22:19:103  INFO 5724 --- [main] com.alibaba.nacos.common.remote.client   : [RpcClientFactory] create a new rpc client of d18cc5f2-0ea1-40c1-be35-d2fe1870defc
09:22:19:239  INFO 5724 --- [main] org.reflections.Reflections              : Reflections took 66 ms to scan 1 urls, producing 3 keys and 6 values 
09:22:19:337  INFO 5724 --- [main] org.reflections.Reflections              : Reflections took 28 ms to scan 1 urls, producing 4 keys and 9 values 
09:22:19:371  INFO 5724 --- [main] org.reflections.Reflections              : Reflections took 20 ms to scan 1 urls, producing 3 keys and 10 values 
09:22:19:385  WARN 5724 --- [main] org.reflections.Reflections              : given scan urls are empty. set urls in the configuration
09:22:19:403  INFO 5724 --- [main] org.reflections.Reflections              : Reflections took 17 ms to scan 1 urls, producing 1 keys and 5 values 
09:22:19:428  INFO 5724 --- [main] org.reflections.Reflections              : Reflections took 18 ms to scan 1 urls, producing 1 keys and 7 values 
09:22:19:458  INFO 5724 --- [main] org.reflections.Reflections              : Reflections took 19 ms to scan 1 urls, producing 2 keys and 8 values 
09:22:19:468  WARN 5724 --- [main] org.reflections.Reflections              : given scan urls are empty. set urls in the configuration
09:22:19:470  INFO 5724 --- [main] com.alibaba.nacos.common.remote.client   : [d18cc5f2-0ea1-40c1-be35-d2fe1870defc] RpcClient init label, labels = {module=naming, source=sdk}
09:22:19:476  INFO 5724 --- [main] com.alibaba.nacos.common.remote.client   : [d18cc5f2-0ea1-40c1-be35-d2fe1870defc] RpcClient init, ServerListFactory = com.alibaba.nacos.client.naming.core.ServerListManager
09:22:19:477  INFO 5724 --- [main] com.alibaba.nacos.common.remote.client   : [d18cc5f2-0ea1-40c1-be35-d2fe1870defc] Registry connection listener to current client:com.alibaba.nacos.client.naming.remote.gprc.redo.NamingGrpcRedoService
09:22:19:478  INFO 5724 --- [main] com.alibaba.nacos.common.remote.client   : [d18cc5f2-0ea1-40c1-be35-d2fe1870defc] Register server push request handler:com.alibaba.nacos.client.naming.remote.gprc.NamingPushRequestHandler
09:22:19:482  INFO 5724 --- [main] com.alibaba.nacos.common.remote.client   : [d18cc5f2-0ea1-40c1-be35-d2fe1870defc] Try to connect to server on start up, server: {serverIp = '10.225.237.206', server main port = 8848}
09:22:22:709  INFO 5724 --- [main] com.alibaba.nacos.common.remote.client   : [d18cc5f2-0ea1-40c1-be35-d2fe1870defc] Success to connect to server [10.225.237.206:8848] on start up, connectionId = 1744161742308_10.225.237.206_49352
09:22:22:712  INFO 5724 --- [com.alibaba.nacos.client.remote.worker] com.alibaba.nacos.common.remote.client   : [d18cc5f2-0ea1-40c1-be35-d2fe1870defc] Notify connected event to listeners.
09:22:22:713  INFO 5724 --- [main] com.alibaba.nacos.common.remote.client   : [d18cc5f2-0ea1-40c1-be35-d2fe1870defc] Register server push request handler:com.alibaba.nacos.common.remote.client.RpcClient$ConnectResetRequestHandler
09:22:22:714  INFO 5724 --- [main] com.alibaba.nacos.common.remote.client   : [d18cc5f2-0ea1-40c1-be35-d2fe1870defc] Register server push request handler:com.alibaba.nacos.common.remote.client.RpcClient$$Lambda$1064/0x0000000100764040
09:22:22:871  INFO 5724 --- [main] o.s.b.w.embedded.tomcat.TomcatWebServer  : Tomcat started on port(s): 8081 (http) with context path ''
09:22:22:890  INFO 5724 --- [main] c.a.c.n.registry.NacosServiceRegistry    : nacos registry, DEFAULT_GROUP item-service 10.225.237.206:8081 register finished
09:22:22:901  INFO 12516 --- [main] pertySourcedRequestMappingHandlerMapping : Mapped URL path [/v2/api-docs] onto method [springfox.documentation.swagger2.web.Swagger2ControllerWebMvc#getDocumentation(String, HttpServletRequest)]
09:22:23:442  INFO 5724 --- [nacos-grpc-client-executor-11] com.alibaba.nacos.common.remote.client   : [d18cc5f2-0ea1-40c1-be35-d2fe1870defc] Receive server push request, request = NotifySubscriberRequest, requestId = 2
09:22:23:449  INFO 5724 --- [nacos-grpc-client-executor-11] com.alibaba.nacos.common.remote.client   : [d18cc5f2-0ea1-40c1-be35-d2fe1870defc] Ack server push request, request = NotifySubscriberRequest, requestId = 2
09:22:23:736  INFO 5724 --- [main] d.s.w.p.DocumentationPluginsBootstrapper : Documentation plugins bootstrapped
09:22:23:748  INFO 5724 --- [main] d.s.w.p.DocumentationPluginsBootstrapper : Found 1 custom documentation plugin(s)
09:22:23:818  INFO 5724 --- [main] s.d.s.w.s.ApiListingReferenceScanner     : Scanning for api listing references
09:22:24:204  INFO 5724 --- [main] com.hmall.item.ItemApplication           : Started ItemApplication in 17.506 seconds (JVM running for 19.245)
09:22:25:275  INFO 12516 --- [main] com.alibaba.nacos.common.remote.client   : [RpcClientFactory] create a new rpc client of 19b88ee3-46d9-4f84-8cdf-d22408388d02
09:22:25:413  INFO 12516 --- [main] org.reflections.Reflections              : Reflections took 74 ms to scan 1 urls, producing 3 keys and 6 values 
09:22:25:469  INFO 12516 --- [main] org.reflections.Reflections              : Reflections took 21 ms to scan 1 urls, producing 4 keys and 9 values 
09:22:25:499  INFO 12516 --- [main] org.reflections.Reflections              : Reflections took 22 ms to scan 1 urls, producing 3 keys and 10 values 
09:22:25:512  WARN 12516 --- [main] org.reflections.Reflections              : given scan urls are empty. set urls in the configuration
09:22:25:527  INFO 12516 --- [main] org.reflections.Reflections              : Reflections took 14 ms to scan 1 urls, producing 1 keys and 5 values 
09:22:25:552  INFO 12516 --- [main] org.reflections.Reflections              : Reflections took 16 ms to scan 1 urls, producing 1 keys and 7 values 
09:22:25:574  INFO 12516 --- [main] org.reflections.Reflections              : Reflections took 14 ms to scan 1 urls, producing 2 keys and 8 values 
09:22:25:579  WARN 12516 --- [main] org.reflections.Reflections              : given scan urls are empty. set urls in the configuration
09:22:25:582  INFO 12516 --- [main] com.alibaba.nacos.common.remote.client   : [19b88ee3-46d9-4f84-8cdf-d22408388d02] RpcClient init label, labels = {module=naming, source=sdk}
09:22:25:586  INFO 12516 --- [main] com.alibaba.nacos.common.remote.client   : [19b88ee3-46d9-4f84-8cdf-d22408388d02] RpcClient init, ServerListFactory = com.alibaba.nacos.client.naming.core.ServerListManager
09:22:25:587  INFO 12516 --- [main] com.alibaba.nacos.common.remote.client   : [19b88ee3-46d9-4f84-8cdf-d22408388d02] Registry connection listener to current client:com.alibaba.nacos.client.naming.remote.gprc.redo.NamingGrpcRedoService
09:22:25:588  INFO 12516 --- [main] com.alibaba.nacos.common.remote.client   : [19b88ee3-46d9-4f84-8cdf-d22408388d02] Register server push request handler:com.alibaba.nacos.client.naming.remote.gprc.NamingPushRequestHandler
09:22:25:593  INFO 12516 --- [main] com.alibaba.nacos.common.remote.client   : [19b88ee3-46d9-4f84-8cdf-d22408388d02] Try to connect to server on start up, server: {serverIp = '10.225.237.206', server main port = 8848}
09:22:28:022  INFO 12516 --- [main] com.alibaba.nacos.common.remote.client   : [19b88ee3-46d9-4f84-8cdf-d22408388d02] Success to connect to server [10.225.237.206:8848] on start up, connectionId = 1744161747626_10.225.237.206_49409
09:22:28:023  INFO 12516 --- [com.alibaba.nacos.client.remote.worker] com.alibaba.nacos.common.remote.client   : [19b88ee3-46d9-4f84-8cdf-d22408388d02] Notify connected event to listeners.
09:22:28:024  INFO 12516 --- [main] com.alibaba.nacos.common.remote.client   : [19b88ee3-46d9-4f84-8cdf-d22408388d02] Register server push request handler:com.alibaba.nacos.common.remote.client.RpcClient$ConnectResetRequestHandler
09:22:28:025  INFO 12516 --- [main] com.alibaba.nacos.common.remote.client   : [19b88ee3-46d9-4f84-8cdf-d22408388d02] Register server push request handler:com.alibaba.nacos.common.remote.client.RpcClient$$Lambda$1064/0x0000000100763840
09:22:28:188  INFO 12516 --- [main] o.s.b.w.embedded.tomcat.TomcatWebServer  : Tomcat started on port(s): 8083 (http) with context path ''
09:22:28:222  INFO 12516 --- [main] c.a.c.n.registry.NacosServiceRegistry    : nacos registry, DEFAULT_GROUP item-service 10.225.237.206:8083 register finished
09:22:28:604  INFO 5724 --- [nacos-grpc-client-executor-14] com.alibaba.nacos.common.remote.client   : [d18cc5f2-0ea1-40c1-be35-d2fe1870defc] Receive server push request, request = NotifySubscriberRequest, requestId = 4
09:22:28:608  INFO 5724 --- [nacos-grpc-client-executor-14] com.alibaba.nacos.common.remote.client   : [d18cc5f2-0ea1-40c1-be35-d2fe1870defc] Ack server push request, request = NotifySubscriberRequest, requestId = 4
09:22:28:658  INFO 12516 --- [nacos-grpc-client-executor-9] com.alibaba.nacos.common.remote.client   : [19b88ee3-46d9-4f84-8cdf-d22408388d02] Receive server push request, request = NotifySubscriberRequest, requestId = 3
09:22:28:661  INFO 12516 --- [nacos-grpc-client-executor-9] com.alibaba.nacos.common.remote.client   : [19b88ee3-46d9-4f84-8cdf-d22408388d02] Ack server push request, request = NotifySubscriberRequest, requestId = 3
09:22:28:865  INFO 12516 --- [main] d.s.w.p.DocumentationPluginsBootstrapper : Documentation plugins bootstrapped
09:22:28:871  INFO 12516 --- [main] d.s.w.p.DocumentationPluginsBootstrapper : Found 1 custom documentation plugin(s)
09:22:28:929  INFO 12516 --- [main] s.d.s.w.s.ApiListingReferenceScanner     : Scanning for api listing references
09:22:29:183  INFO 12516 --- [main] com.hmall.item.ItemApplication           : Started ItemApplication in 17.067 seconds (JVM running for 18.63)
